<?xml version="1.0" encoding="UTF-8"?>
<testng-results skipped="0" failed="0" total="2" passed="2">
  <reporter-output>
  </reporter-output>
  <suite name="Default suite" duration-ms="11751" started-at="2021-02-03T18:16:06Z" finished-at="2021-02-03T18:16:17Z">
    <groups>
    </groups>
    <test name="Default test" duration-ms="11751" started-at="2021-02-03T18:16:06Z" finished-at="2021-02-03T18:16:17Z">
      <class name="CalculatorTest.SpurQLabs.HomePage">
        <test-method status="PASS" signature="initilizeProcess()[pri:0, instance:CalculatorTest.SpurQLabs.HomePage@6ac13091]" name="initilizeProcess" is-config="true" duration-ms="5686" started-at="2021-02-03T23:46:06Z" finished-at="2021-02-03T23:46:11Z">
          <reporter-output>
          </reporter-output>
        </test-method> <!-- initilizeProcess -->
        <test-method status="PASS" signature="calculatorPageNavigation()[pri:0, instance:CalculatorTest.SpurQLabs.HomePage@6ac13091]" name="calculatorPageNavigation" duration-ms="5855" started-at="2021-02-03T23:46:11Z" finished-at="2021-02-03T23:46:17Z">
          <reporter-output>
          </reporter-output>
        </test-method> <!-- calculatorPageNavigation -->
        <test-method status="PASS" signature="testAssertFunctions()[pri:0, instance:CalculatorTest.SpurQLabs.HomePage@6ac13091]" name="testAssertFunctions" duration-ms="144" started-at="2021-02-03T23:46:17Z" finished-at="2021-02-03T23:46:17Z">
          <reporter-output>
          </reporter-output>
        </test-method> <!-- testAssertFunctions -->
      </class> <!-- CalculatorTest.SpurQLabs.HomePage -->
    </test> <!-- Default test -->
  </suite> <!-- Default suite -->
</testng-results>
